<?xml version="1.0" encoding="UTF-8"?>
<!-- Generated by org.testng.reporters.JUnitReportReporter -->
<testsuite hostname="SCI-BD-L18-1576" failures="0" tests="1" name="testcases.HomePageTest" time="33.775" errors="0" timestamp="2024-05-11T20:23:26 BDT" skipped="0">
  <testcase classname="testcases.HomePageTest" name="TestHomePageTitle" time="33.775"/>
  <system-out/>
</testsuite> <!-- testcases.HomePageTest -->
