<?xml version="1.0" encoding="UTF-8"?>
<!-- Generated by org.testng.reporters.JUnitReportReporter -->
<testsuite hostname="SCI-BD-L18-1576" failures="0" tests="1" name="testcases.HomePageTest" time="35.858" errors="0" timestamp="2024-05-11T20:55:11 BDT" skipped="0">
  <testcase classname="testcases.HomePageTest" name="TestHomePageTitle" time="35.858"/>
</testsuite> <!-- testcases.HomePageTest -->
